<?xml version="1.0" encoding="UTF-8"?>
<testng-results skipped="0" failed="0" ignored="0" total="3" passed="3">
  <reporter-output>
  </reporter-output>
  <suite name="org.lh.TestTest" duration-ms="69" started-at="2021-03-30T20:49:01Z" finished-at="2021-03-30T20:49:01Z">
    <groups>
    </groups>
    <test name="Command line test" duration-ms="69" started-at="2021-03-30T20:49:01Z" finished-at="2021-03-30T20:49:01Z">
      <class name="org.lh.TestTest">
        <test-method status="PASS" signature="test1()[pri:0, instance:org.lh.TestTest@7f690630]" name="test1" duration-ms="10" started-at="2021-03-30T20:49:01Z" finished-at="2021-03-30T20:49:01Z">
          <reporter-output>
          </reporter-output>
        </test-method> <!-- test1 -->
        <test-method status="PASS" signature="test2()[pri:0, instance:org.lh.TestTest@7f690630]" name="test2" duration-ms="1" started-at="2021-03-30T20:49:01Z" finished-at="2021-03-30T20:49:01Z">
          <reporter-output>
          </reporter-output>
        </test-method> <!-- test2 -->
        <test-method status="PASS" signature="test3()[pri:0, instance:org.lh.TestTest@7f690630]" name="test3" duration-ms="0" started-at="2021-03-30T20:49:01Z" finished-at="2021-03-30T20:49:01Z">
          <reporter-output>
          </reporter-output>
        </test-method> <!-- test3 -->
      </class> <!-- org.lh.TestTest -->
    </test> <!-- Command line test -->
  </suite> <!-- org.lh.TestTest -->
</testng-results>
